<?xml version="1.0" encoding="UTF-8"?>
<!-- Generated by org.testng.reporters.JUnitXMLReporter -->
<testsuite ignored="6" hostname="Vishnu" failures="1" tests="4" name="Default test" time="20.283" errors="0" timestamp="2025-07-30T23:10:28 IST">
  <testcase classname="testClasses.LoginPagetestClass" name="verifySuccessfullLogin" time="0.959">
    <skipped/>
  </testcase> <!-- verifySuccessfullLogin -->
  <testcase classname="testClasses.LoginPagetestClass" name="verifySuccessfullLogin" time="0.049">
    <skipped/>
  </testcase> <!-- verifySuccessfullLogin -->
  <testcase classname="testClasses.LoginPagetestClass" name="verifySuccessfullLogin" time="0.026">
    <skipped/>
  </testcase> <!-- verifySuccessfullLogin -->
  <testcase classname="testClasses.LoginPagetestClass" name="verifySuccessfullLogin" time="0.029">
    <failure type="java.lang.IllegalStateException" message="Cannot get a STRING value from a NUMERIC cell">
      <![CDATA[java.lang.IllegalStateException: Cannot get a STRING value from a NUMERIC cell
at org.apache.poi.xssf.usermodel.XSSFCell.typeMismatch(XSSFCell.java:984)
at org.apache.poi.xssf.usermodel.XSSFCell.getRichStringCellValue(XSSFCell.java:311)
at org.apache.poi.xssf.usermodel.XSSFCell.getStringCellValue(XSSFCell.java:280)
at utilities.ExcelReadUtility.getStringData(ExcelReadUtility.java:26)
at testClasses.LoginPagetestClass.verifySuccessfullLogin(LoginPagetestClass.java:21)
at java.base/jdk.internal.reflect.DirectMethodHandleAccessor.invoke(DirectMethodHandleAccessor.java:103)
at java.base/java.lang.reflect.Method.invoke(Method.java:580)
at org.testng.internal.invokers.MethodInvocationHelper.invokeMethod(MethodInvocationHelper.java:141)
at org.testng.internal.invokers.TestInvoker.invokeMethod(TestInvoker.java:687)
at org.testng.internal.invokers.TestInvoker.retryFailed(TestInvoker.java:269)
at org.testng.internal.invokers.MethodRunner.runInSequence(MethodRunner.java:76)
at org.testng.internal.invokers.TestInvoker$MethodInvocationAgent.invoke(TestInvoker.java:995)
at org.testng.internal.invokers.TestInvoker.invokeTestMethods(TestInvoker.java:203)
at org.testng.internal.invokers.TestMethodWorker.invokeTestMethods(TestMethodWorker.java:154)
at org.testng.internal.invokers.TestMethodWorker.run(TestMethodWorker.java:134)
at java.base/java.util.ArrayList.forEach(ArrayList.java:1596)
at org.testng.TestRunner.privateRun(TestRunner.java:741)
at org.testng.TestRunner.run(TestRunner.java:616)
at org.testng.SuiteRunner.runTest(SuiteRunner.java:421)
at org.testng.SuiteRunner.runSequentially(SuiteRunner.java:413)
at org.testng.SuiteRunner.privateRun(SuiteRunner.java:373)
at org.testng.SuiteRunner.run(SuiteRunner.java:312)
at org.testng.SuiteRunnerWorker.runSuite(SuiteRunnerWorker.java:52)
at org.testng.SuiteRunnerWorker.run(SuiteRunnerWorker.java:95)
at org.testng.TestNG.runSuitesSequentially(TestNG.java:1274)
at org.testng.TestNG.runSuitesLocally(TestNG.java:1208)
at org.testng.TestNG.runSuites(TestNG.java:1112)
at org.testng.TestNG.run(TestNG.java:1079)
at org.testng.remote.AbstractRemoteTestNG.run(AbstractRemoteTestNG.java:115)
at org.testng.remote.RemoteTestNG.initAndRun(RemoteTestNG.java:293)
at org.testng.remote.RemoteTestNG.main(RemoteTestNG.java:91)
]]>
    </failure>
  </testcase> <!-- verifySuccessfullLogin -->
  <testcase classname="testClasses.LoginPagetestClass" name="verifyunSuccessfullLogin" time="0.0">
    <ignored/>
  </testcase> <!-- verifyunSuccessfullLogin -->
  <testcase classname="testClasses.LoginPagetestClass" name="verify_the_Remebrmecheckboxischeckedby_Default" time="0.0">
    <ignored/>
  </testcase> <!-- verify_the_Remebrmecheckboxischeckedby_Default -->
  <testcase classname="testClasses.LoginPagetestClass" name="verify_resetPageIsDisplayedWhenClickingForgotPassword" time="0.0">
    <ignored/>
  </testcase> <!-- verify_resetPageIsDisplayedWhenClickingForgotPassword -->
  <testcase classname="testClasses.LoginPagetestClass" name="verfyUsernameTextboxshowinghintornot" time="0.0">
    <ignored/>
  </testcase> <!-- verfyUsernameTextboxshowinghintornot -->
  <testcase classname="testClasses.LoginPagetestClass" name="verifyInvalidlLogin" time="0.0">
    <ignored/>
  </testcase> <!-- verifyInvalidlLogin -->
  <testcase classname="testClasses.LoginPagetestClass" name="verifyCorrectApplicationisloadingwhileHitting_the_URL" time="0.0">
    <ignored/>
  </testcase> <!-- verifyCorrectApplicationisloadingwhileHitting_the_URL -->
</testsuite> <!-- Default test -->
