<?xml version="1.0" encoding="UTF-8"?>
<testng-results ignored="0" total="1" passed="1" failed="0" skipped="0">
  <reporter-output>
  </reporter-output>
  <suite started-at="2025-07-30T18:27:37 IST" name="Default suite" finished-at="2025-07-30T18:27:53 IST" duration-ms="15316">
    <groups>
    </groups>
    <test started-at="2025-07-30T18:27:37 IST" name="Default test" finished-at="2025-07-30T18:27:53 IST" duration-ms="15316">
      <class name="testClasses.PurcheasesPagetestClass">
        <test-method is-config="true" signature="beforeMethod()[pri:0, instance:testClasses.PurcheasesPagetestClass@7c7a06ec]" started-at="2025-07-30T18:27:37 IST" name="beforeMethod" finished-at="2025-07-30T18:27:41 IST" duration-ms="3718" status="PASS">
          <reporter-output>
          </reporter-output>
        </test-method> <!-- beforeMethod -->
        <test-method signature="verifythementionedItemIsDeletedFromTHEtABLE()[pri:0, instance:testClasses.PurcheasesPagetestClass@7c7a06ec]" started-at="2025-07-30T18:27:41 IST" name="verifythementionedItemIsDeletedFromTHEtABLE" finished-at="2025-07-30T18:27:52 IST" duration-ms="11556" status="PASS">
          <reporter-output>
          </reporter-output>
        </test-method> <!-- verifythementionedItemIsDeletedFromTHEtABLE -->
        <test-method is-config="true" signature="afterMethod()[pri:0, instance:testClasses.PurcheasesPagetestClass@7c7a06ec]" started-at="2025-07-30T18:27:53 IST" name="afterMethod" finished-at="2025-07-30T18:27:53 IST" duration-ms="0" status="PASS">
          <reporter-output>
          </reporter-output>
        </test-method> <!-- afterMethod -->
      </class> <!-- testClasses.PurcheasesPagetestClass -->
    </test> <!-- Default test -->
  </suite> <!-- Default suite -->
</testng-results>
